<?xml version="1.0" encoding="UTF-8"?>
<testng-results ignored="0" total="1" passed="1" failed="0" skipped="0">
  <reporter-output>
  </reporter-output>
  <suite started-at="2022-02-05T20:15:39 EST" name="Default suite" finished-at="2022-02-05T20:15:52 EST" duration-ms="13312">
    <groups>
    </groups>
    <test started-at="2022-02-05T20:15:39 EST" name="Default test" finished-at="2022-02-05T20:15:52 EST" duration-ms="13312">
      <class name="Opencart_TestCases.testCasesExecution">
        <test-method is-config="true" signature="statrtapp()[pri:0, instance:Opencart_TestCases.testCasesExecution@d706f19]" started-at="2022-02-05T20:15:39 EST" name="statrtapp" finished-at="2022-02-05T20:15:43 EST" duration-ms="4775" status="PASS">
          <reporter-output>
          </reporter-output>
        </test-method> <!-- statrtapp -->
        <test-method signature="f()[pri:0, instance:Opencart_TestCases.testCasesExecution@d706f19]" started-at="2022-02-05T20:15:43 EST" name="f" finished-at="2022-02-05T20:15:52 EST" duration-ms="8461" status="PASS">
          <reporter-output>
          </reporter-output>
        </test-method> <!-- f -->
      </class> <!-- Opencart_TestCases.testCasesExecution -->
    </test> <!-- Default test -->
  </suite> <!-- Default suite -->
</testng-results>
